Drill report for LK-EU01_Smart_Socket_Base.kicad_pcb
Created on 11/4/2023 3:45:43 PM

Copper Layer Stackup:
    =============================================================
    L1 :  F.Cu                      front
    L2 :  B.Cu                      back


Drill file 'LK-EU01_Smart_Socket_Base-PTH.drl' contains
    plated through holes:
    =============================================================
    T1  0.400mm  0.0157"  (74 holes)
    T2  0.500mm  0.0197"  (3 holes)  (with 3 slots)
    T3  0.600mm  0.0236"  (4 holes)
    T4  0.800mm  0.0315"  (2 holes)
    T5  1.000mm  0.0394"  (6 holes)
    T6  1.010mm  0.0398"  (2 holes)
    T7  1.300mm  0.0512"  (4 holes)

    Total plated holes count 95


Drill file 'LK-EU01_Smart_Socket_Base-NPTH.drl' contains
    unplated through holes:
    =============================================================

    Total unplated holes count 0
